<?xml version="1.0" encoding="UTF-8"?>
<!-- Generated by org.testng.reporters.JUnitXMLReporter -->
<testsuite hostname="Shadli-PC" ignored="0" name="Free CRM App Test Cases" tests="8" failures="1" timestamp="06 Sep 2019 02:00:21 GMT" time="63.646" errors="0">
  <testcase name="elementPresentTest" time="0.213" classname="com.qa.testcases.HomePageTest">
    <skipped/>
  </testcase> <!-- elementPresentTest -->
  <testcase name="elementPresentTest" time="0.131" classname="com.qa.testcases.HomePageTest">
    <skipped/>
  </testcase> <!-- elementPresentTest -->
  <testcase name="elementPresentTest" time="0.18" classname="com.qa.testcases.HomePageTest">
    <skipped/>
  </testcase> <!-- elementPresentTest -->
  <testcase name="elementPresentTest" time="0.152" classname="com.qa.testcases.HomePageTest">
    <failure type="java.lang.AssertionError" message="expected [true] but found [false]">
      <![CDATA[java.lang.AssertionError: expected [true] but found [false]
	at com.qa.testcases.HomePageTest.elementPresentTest(HomePageTest.java:26)
... Removed 28 stack frames]]>
    </failure>
  </testcase> <!-- elementPresentTest -->
  <testcase name="emptyQueryCheck" time="0.262" classname="com.qa.testcases.HomePageTest"/>
  <testcase name="searchPositiveResultCount" time="0.386" classname="com.qa.testcases.HomePageTest"/>
  <testcase name="searchNoResultCount" time="20.381" classname="com.qa.testcases.HomePageTest"/>
  <testcase name="matchSearchResultQuery" time="0.411" classname="com.qa.testcases.HomePageTest"/>
</testsuite> <!-- Free CRM App Test Cases -->
